<?xml version="1.0" encoding="UTF-8" standalone="no"?>
<testsuite failures="0" name="cucumber.runtime.formatter.JUnitFormatter" skipped="0" tests="1" time="8.750807">
    <testcase classname="CRM login Feature" name="Free CRM creates a new scenario" time="8.750807">
        <system-out><![CDATA[Given user is already on Login page.........................................passed
When title of login page is free CRM........................................passed
Then user enters username and password......................................passed
Then user clicks on login button............................................passed
Then user is on home page...................................................passed
Then user moves on homeicon.................................................passed
Then user clicks on deals...................................................passed
Then user clicks on new deal................................................passed
Then user enter deal details................................................passed
]]></system-out>
    </testcase>
</testsuite>
